[monitor] setvbuf('/dev/pts/8', '(null)', 1, 8192) = 0
[monitor] getcwd('/home/lab117/hijack', 4096) = '/home/lab117/hijack'
[monitor] __xstat('/usr/include', 'type:Directory permission:755 size:20480') = 0
[monitor] __xstat('/usr/gnu/include', 'type:Directory permission:755 size:20480') = -1
[monitor] __xstat('/usr/local/include', 'type:Directory permission:755 size:4096') = 0
[monitor] __xstat('/usr/include', 'type:Directory permission:755 size:20480') = 0
[monitor] __xstat('.', 'type:Directory permission:775 size:4096') = 0
[monitor] opendir('.') = 0xade0b0
[monitor] readdir('/home/lab117/hijack') = 0xade0e0
[monitor] readdir('/home/lab117/hijack') = 0xade100
[monitor] readdir('/home/lab117/hijack') = 0xade120
[monitor] readdir('/home/lab117/hijack') = 0xade140
[monitor] readdir('/home/lab117/hijack') = 0xade160
[monitor] readdir('/home/lab117/hijack') = 0xade180
[monitor] readdir('/home/lab117/hijack') = 0xade1a0
[monitor] readdir('/home/lab117/hijack') = 0xade1b8
[monitor] readdir('/home/lab117/hijack') = 0xade1d8
[monitor] readdir('/home/lab117/hijack') = 0xade1f0
[monitor] readdir('/home/lab117/hijack') = 0xade210
[monitor] readdir('/home/lab117/hijack') = 0xade230
[monitor] readdir('/home/lab117/hijack') = 0xade248
[monitor] readdir('/home/lab117/hijack') = 0xade268
[monitor] readdir('/home/lab117/hijack') = 0xade280
[monitor] readdir('/home/lab117/hijack') = 0xade2a0
[monitor] readdir('/home/lab117/hijack') = 0xade2b8
[monitor] readdir('/home/lab117/hijack') = 0xade2d8
[monitor] readdir('/home/lab117/hijack') = 0xade2f8
[monitor] readdir('/home/lab117/hijack') = 0xade310
[monitor] readdir('/home/lab117/hijack') = (nil)
[monitor] closedir('/home/lab117/hijack') = 0
[monitor] __xstat('RCS', 'type:Unknow permission:2 size:472446402651') = -1
[monitor] realloc(0xae2c70 5) = 0xae2c70
[monitor] __xstat('SCCS', 'type:Unknow permission:4 size:472446402651') = -1
[monitor] __xstat('Makefile', 'type:Regular permission:664 size:120') = 0
[monitor] __xstat('clean', 'type:Unknow permission:30 size:0') = -1
[monitor] realloc(0xae2d90 8) = 0xae2d90
[monitor] pipe([ '/dev/pts/8', '/dev/pts/8' ]) = 0
[monitor] close('pipe:[274918594]') = 0
[monitor] realloc(0xad71d0 534) = 0xae4dd0
[monitor] realloc(0xae4dd0 3878) = 0xae2e00
[monitor] fork() = 12256
[monitor] __xstat('clean', 'type:Socket permission:540 size:0') = -1
[monitor] chdir('/home/lab117/hijack') = 0
[monitor] exit(0) = 
